\BOOKMARK [0][-]{chapter*.5}{\376\377\004\022\004\062\004\065\004\064\004\065\004\075\004\070\004\065}{}% 1
\BOOKMARK [0][-]{chapter.1}{\376\377\004\030\004\101\004\077\004\076\004\073\004\114\004\067\004\103\004\065\004\074\004\113\004\065\000\040\004\064\004\060\004\075\004\075\004\113\004\065}{}% 2
\BOOKMARK [1][-]{section.1.1}{\376\377\004\055\004\073\004\065\004\072\004\102\004\100\004\076\004\075\004\075\004\113\004\065\000\040\004\077\004\070\004\101\004\114\004\074\004\060\000\040\004\045\004\070\004\073\004\073\004\060\004\100\004\070\000\040\004\032\004\073\004\070\004\075\004\102\004\076\004\075}{chapter.1}% 3
\BOOKMARK [1][-]{section.1.2}{\376\377\004\055\004\073\004\065\004\072\004\102\004\100\004\076\004\075\004\075\004\113\004\065\000\040\004\077\004\070\004\101\004\114\004\074\004\060\000\040\004\072\004\076\004\100\004\077\004\076\004\100\004\060\004\106\004\070\004\070\000\040\000E\000n\000r\000o\000n}{chapter.1}% 4
\BOOKMARK [0][-]{chapter.2}{\376\377\004\036\004\061\004\067\004\076\004\100\000\040\004\070\004\101\004\077\004\076\004\073\004\114\004\067\004\103\004\065\004\074\004\113\004\105\000\040\004\102\004\065\004\105\004\075\004\076\004\073\004\076\004\063\004\070\004\071}{}% 5
\BOOKMARK [1][-]{section.2.1}{\376\377\000B\000E\000R\000T\000o\000p\000i\000c}{chapter.2}% 6
\BOOKMARK [0][-]{chapter.3}{\376\377\004\037\004\100\004\065\004\064\004\076\004\061\004\100\004\060\004\061\004\076\004\102\004\072\004\060\000\040\004\064\004\060\004\075\004\075\004\113\004\105}{}% 7
\BOOKMARK [1][-]{section.3.1}{\376\377\004\037\004\100\004\065\004\064\004\076\004\061\004\100\004\060\004\061\004\076\004\102\004\072\004\060\000\040\004\115\004\073\004\065\004\072\004\102\004\100\004\076\004\075\004\075\004\113\004\105\000\040\004\077\004\070\004\101\004\065\004\074\000\040\004\045\004\070\004\073\004\073\004\060\004\100\004\070\000\040\004\032\004\073\004\070\004\075\004\102\004\076\004\075}{chapter.3}% 8
\BOOKMARK [1][-]{section.3.2}{\376\377\004\037\004\100\004\065\004\064\004\076\004\061\004\100\004\060\004\061\004\076\004\102\004\072\004\060\000\040\004\115\004\073\004\065\004\072\004\102\004\100\004\076\004\075\004\075\004\113\004\105\000\040\004\077\004\070\004\101\004\065\004\074\000\040\004\072\004\076\004\100\004\077\004\076\004\100\004\060\004\106\004\070\004\070\000\040\000E\000n\000r\000o\000n}{chapter.3}% 9
\BOOKMARK [2][-]{subsection.3.2.1}{\376\377\004\022\004\113\004\064\004\065\004\073\004\065\004\075\004\070\004\065\000\040\004\074\004\065\004\102\004\060\004\064\004\060\004\075\004\075\004\113\004\105\000\040\004\070\004\067\000\040\004\101\004\113\004\100\004\076\004\063\004\076\000\040\004\102\004\065\004\072\004\101\004\102\004\060\000\040\004\077\004\070\004\101\004\065\004\074}{section.3.2}% 10
\BOOKMARK [2][-]{subsection.3.2.2}{\376\377\004\022\004\113\004\064\004\065\004\073\004\065\004\075\004\070\004\065\000\040\004\101\004\076\004\064\004\065\004\100\004\066\004\060\004\075\004\070\004\117\000\040\004\077\004\070\004\101\004\065\004\074}{section.3.2}% 11
\BOOKMARK [0][-]{chapter.4}{\376\377\004\020\004\075\004\060\004\073\004\070\004\067\000\040\004\115\004\073\004\065\004\072\004\102\004\100\004\076\004\075\004\075\004\113\004\105\000\040\004\077\004\070\004\101\004\065\004\074}{}% 12
\BOOKMARK [1][-]{section.4.1}{\376\377\004\020\004\075\004\060\004\073\004\070\004\067\000\040\004\115\004\073\004\065\004\072\004\102\004\100\004\076\004\075\004\075\004\113\004\105\000\040\004\077\004\070\004\101\004\065\004\074\000\040\004\045\004\070\004\073\004\073\004\060\004\100\004\070\000\040\004\032\004\073\004\070\004\075\004\102\004\076\004\075}{chapter.4}% 13
\BOOKMARK [2][-]{subsection.4.1.1}{\376\377\004\032\004\076\004\073\004\070\004\107\004\065\004\101\004\102\004\062\004\060\000\040\004\101\004\073\004\076\004\062}{section.4.1}% 14
\BOOKMARK [2][-]{subsection.4.1.2}{\376\377\004\022\004\100\004\065\004\074\004\117\000\040\004\076\004\102\004\077\004\100\004\060\004\062\004\072\004\070\000\040\004\077\004\070\004\101\004\065\004\074}{section.4.1}% 15
\BOOKMARK [1][-]{section.4.2}{\376\377\004\020\004\075\004\060\004\073\004\070\004\067\000\040\004\115\004\073\004\065\004\072\004\102\004\100\004\076\004\075\004\075\004\113\004\105\000\040\004\077\004\070\004\101\004\065\004\074\000\040\004\072\004\076\004\100\004\077\004\076\004\100\004\060\004\106\004\070\004\070\000\040\000E\000n\000r\000o\000n}{chapter.4}% 16
\BOOKMARK [2][-]{subsection.4.2.1}{\376\377\004\024\004\073\004\070\004\075\004\113\000\040\004\077\004\070\004\101\004\065\004\074}{section.4.2}% 17
\BOOKMARK [2][-]{subsection.4.2.2}{\376\377\004\022\004\100\004\065\004\074\004\117\000\040\004\076\004\102\004\077\004\100\004\060\004\062\004\072\004\070\000\040\004\077\004\070\004\101\004\065\004\074}{section.4.2}% 18
\BOOKMARK [2][-]{subsection.4.2.3}{\376\377\004\047\004\060\004\101\004\102\004\076\004\102\004\075\004\076\004\101\004\102\004\114\000\040\004\101\004\073\004\076\004\062}{section.4.2}% 19
\BOOKMARK [2][-]{subsection.4.2.4}{\376\377\004\036\004\102\004\077\004\100\004\060\004\062\004\070\004\102\004\065\004\073\004\070\000\040\004\070\000\040\004\077\004\076\004\073\004\103\004\107\004\060\004\102\004\065\004\073\004\070\000\040\004\077\004\070\004\101\004\065\004\074}{section.4.2}% 20
\BOOKMARK [0][-]{chapter.5}{\376\377\004\030\004\101\004\101\004\073\004\065\004\064\004\076\004\062\004\060\004\075\004\070\004\065\000\040\004\064\004\060\004\075\004\075\004\113\004\105}{}% 21
\BOOKMARK [1][-]{section.5.1}{\376\377\004\042\004\065\004\074\004\060\004\102\004\070\004\107\004\065\004\101\004\072\004\076\004\065\000\040\004\074\004\076\004\064\004\065\004\073\004\070\004\100\004\076\004\062\004\060\004\075\004\070\004\065}{chapter.5}% 22
\BOOKMARK [1][-]{section.5.2}{\376\377\004\032\004\073\004\060\004\101\004\102\004\065\004\100\004\070\004\067\004\060\004\106\004\070\004\117\000\040\004\101\004\073\004\076\004\062\000\040\004\070\004\067\000\040\004\115\004\073\004\065\004\072\004\102\004\100\004\076\004\075\004\075\004\113\004\105\000\040\004\077\004\070\004\101\004\065\004\074}{chapter.5}% 23
\BOOKMARK [0][-]{chapter*.6}{\376\377\004\027\004\060\004\072\004\073\004\116\004\107\004\065\004\075\004\070\004\065}{}% 24
\BOOKMARK [0][-]{chapter*.7}{\376\377\004\033\004\070\004\102\004\065\004\100\004\060\004\102\004\103\004\100\004\060}{}% 25
